<?xml version="1.0" encoding="UTF-8"?>
<!-- Generated by org.testng.reporters.JUnitXMLReporter -->
<testsuite hostname="DESKTOP-IKI9LTI" ignored="0" name="BankingApp Test" tests="2" failures="0" timestamp="08 Mar 2021 13:07:25 GMT" time="86.469" errors="0">
  <testcase name="loginTest" time="2.957" classname="com.inetbanking.testCases.TC_LoginTest_001"/>
  <testcase name="addNewCustomer" time="26.705" classname="com.inetbanking.testCases.TC_AddCustomerTest_003"/>
</testsuite> <!-- BankingApp Test -->
